<?xml version="1.0" encoding="UTF-8"?>
<testng-results ignored="0" total="1" passed="1" failed="0" skipped="0">
  <reporter-output>
  </reporter-output>
  <suite started-at="2018-12-07T19:16:08Z" name="Booking search" finished-at="2018-12-07T19:16:43Z" duration-ms="34229">
    <groups>
    </groups>
    <test started-at="2018-12-07T19:16:08Z" name="Booking search" finished-at="2018-12-07T19:16:43Z" duration-ms="34229">
      <class name="searchTest">
        <test-method is-config="true" signature="setUpTest()[pri:0, instance:searchTest@1189dd52]" started-at="2018-12-07T19:16:08Z" name="setUpTest" finished-at="2018-12-07T19:16:12Z" duration-ms="3470" status="PASS">
          <reporter-output>
          </reporter-output>
        </test-method> <!-- setUpTest -->
        <test-method is-config="true" signature="navigate()[pri:0, instance:searchTest@1189dd52]" started-at="2018-12-07T19:16:12Z" name="navigate" finished-at="2018-12-07T19:16:17Z" duration-ms="5177" status="PASS">
          <reporter-output>
          </reporter-output>
        </test-method> <!-- navigate -->
        <test-method signature="searchTest()[pri:0, instance:searchTest@1189dd52]" started-at="2018-12-07T19:16:17Z" name="searchTest" finished-at="2018-12-07T19:16:42Z" duration-ms="24673" status="PASS">
          <reporter-output>
          </reporter-output>
        </test-method> <!-- searchTest -->
        <test-method is-config="true" signature="closeDriver()[pri:0, instance:searchTest@1189dd52]" started-at="2018-12-07T19:16:42Z" name="closeDriver" finished-at="2018-12-07T19:16:43Z" duration-ms="900" status="PASS">
          <reporter-output>
          </reporter-output>
        </test-method> <!-- closeDriver -->
      </class> <!-- searchTest -->
    </test> <!-- Booking search -->
  </suite> <!-- Booking search -->
</testng-results>
